[backblue.gif]
[fade.gif]
[index.html]
[www.edwiseinternational.com/favicon.png]
[cdnjs.cloudflare.com/ajax/libs/magnific-popup.js/1.1.0/magnific-popup4963.css]
[cdnjs.cloudflare.com/ajax/libs/Swiper/8.4.7/swiper-bundle.css]
[unpkg.com/aos@2.3.1/dist/aos.css]
[cdnjs.cloudflare.com/ajax/libs/font-awesome/4.7.0/css/font-awesome.min.css]
[ajax.googleapis.com/ajax/libs/jquery/3.7.0/jquery.min.js]
[www.edwiseinternational.com/js/notification.js]
[www.edwiseinternational.com/img/homepage/study-abroad-consultants.webp]
[www.edwiseinternational.com/img/homepage/overseas-education-consultants.webp]
[www.edwiseinternational.com/img/homepage/foreign-education-consultants.webp]
[www.edwiseinternational.com/img/homepage/33-years-of-excellence.webp]
[www.edwiseinternational.com/img/homepage/best-consultancy-for-abroad-studies.webp]
[www.edwiseinternational.com/img/homepage/free-consultation-for-study-abroad.webp]
[www.edwiseinternational.com/img/homepage/free-counselling-for-study-abroad.webp]
[www.edwiseinternational.com/img/homepage/study-abroad-student-reviews.webp]
[www.edwiseinternational.com/img/destin/study-abroad-uk.webp]
[www.edwiseinternational.com/img/destin/study-abroad-usa.webp]
[www.edwiseinternational.com/img/destin/study-abroad-canada.webp]
[www.edwiseinternational.com/img/destin/study-abroad-australia.webp]
[www.edwiseinternational.com/img/destin/study-abroad-singapore.webp]
[www.edwiseinternational.com/img/destin/study-abroad-new-zealand.webp]
[www.edwiseinternational.com/img/destin/study-abroad-switzerland.webp]
[www.edwiseinternational.com/img/destin/study-abroad-ireland.webp]
[www.edwiseinternational.com/img/partner/University-of-Edinburgh.webp]
[www.edwiseinternational.com/img/partner/John-Hopkins-University.webp]
[www.edwiseinternational.com/img/partner/The-University-of-Melbourne.webp]
[www.edwiseinternational.com/img/partner/National-University-of-Singapore.webp]
[www.edwiseinternational.com/img/partner/The-University-of-Manchester.webp]
[www.edwiseinternational.com/img/partner/University-of-California-Los-Angeles.webp]
[www.edwiseinternational.com/img/partner/UNSW.webp]
[www.edwiseinternational.com/img/partner/The-University-of-Queensland.webp]
[www.edwiseinternational.com/img/partner/Kings-College-London.webp]
[www.edwiseinternational.com/img/partner/New-York-University.webp]
[www.edwiseinternational.com/img/partner/The-University-of-Sydney.webp]
[www.edwiseinternational.com/img/partner/The-University-of-Auckland.webp]
[www.edwiseinternational.com/img/partner/University-of-Bristol.webp]
[www.edwiseinternational.com/img/partner/Monash-University.webp]
[www.edwiseinternational.com/img/partner/University-of-Western-Australia.webp]
[www.edwiseinternational.com/img/partner/University-of-Amsterdam.webp]
[www.edwiseinternational.com/img/univ-courses-imgs/mba-img.webp]
[www.edwiseinternational.com/img/univ-courses-imgs/engrng-img.webp]
[www.edwiseinternational.com/img/univ-courses-imgs/it-img.webp]
[www.edwiseinternational.com/img/univ-courses-imgs/law-img.webp]
[www.edwiseinternational.com/img/univ-courses-imgs/Finance-img.webp]
[www.edwiseinternational.com/img/univ-courses-imgs/architecture-img.webp]
[www.edwiseinternational.com/img/univ-courses-imgs/acc-financ-img.webp]
[www.edwiseinternational.com/img/univ-courses-imgs/data-scie-img.webp]
[www.edwiseinternational.com/img/univ-courses-imgs/biology-img.webp]
[www.edwiseinternational.com/img/univ-courses-imgs/hospitality-img.webp]
[www.edwiseinternational.com/img/univ-courses-imgs/educ-img.webp]
[www.edwiseinternational.com/img/univ-courses-imgs/envr-scie-img.webp]
[www.edwiseinternational.com/img/univ-courses-imgs/agriculture-img.webp]
[www.edwiseinternational.com/img/univ-courses-imgs/healthcare-img.webp]
[www.edwiseinternational.com/img/testim/study-abroad-canada-review.webp]
[www.edwiseinternational.com/img/testim/vaibhavee-confederation-colleg,-canada.webp]
[www.edwiseinternational.com/img/testim/study-abroad-australia-review.webp]
[www.edwiseinternational.com/img/testim/bhumika-university-of-adelaide-australia.webp]
[www.edwiseinternational.com/img/testim/study-abroad-uk-review.webp]
[www.edwiseinternational.com/img/testim/regin-london-metropolitan-university-uk.webp]
[www.edwiseinternational.com/blogs/img/top-9-universities-in-the-us-without-gre.webp]
[www.edwiseinternational.com/blogs/img/interesting-fun-facts-about-the-usa.webp]
[www.edwiseinternational.com/blogs/img/popular-courses-to-study-abroad.webp]
[www.edwiseinternational.com/img/Recognitions/airc-lg.webp]
[www.edwiseinternational.com/img/Recognitions/aaeri-lg.webp]
[www.edwiseinternational.com/img/Recognitions/USAstudydestinatin-lg.webp]
[www-cdn.icef.com/scripts/iasbadgeid.js]
[cdn.jsdelivr.net/gh/studio-freight/lenis@1.0.22/bundled/lenis.min.js]
[cdnjs.cloudflare.com/ajax/libs/gsap/3.10.4/gsap.min.js]
[cdnjs.cloudflare.com/ajax/libs/gsap/3.10.4/MotionPathPlugin.min.js]
[cdnjs.cloudflare.com/ajax/libs/gsap/3.10.4/ScrollTrigger.min.js]
[unpkg.com/aos@2.3.1/dist/aos.js]
[cdnjs.cloudflare.com/ajax/libs/Swiper/8.4.7/swiper-bundle.min.js]
[cdnjs.cloudflare.com/ajax/libs/magnific-popup.js/1.1.0/jquery.magnific-popup.min4963.js]
[www.edwiseinternational.com/js/magni_poup.js]
[www.edwiseinternational.com/js/megamenu.js]
[www.edwiseinternational.com/js/common.js]
[www.edwiseinternational.com/js/index.js]
[www.edwiseinternational.com/js/popup-form.js]
[code.jquery.com/ui/1.12.1/themes/base/jquery-ui.css]
[code.jquery.com/ui/1.12.1/jquery-ui.min.js]
[www.edwiseinternational.com/js/predictive-course.js]
[www.edwiseinternational.com/js/popupscript.js]
[cdnjs.cloudflare.com/ajax/libs/select2/4.0.13/js/select2.min.js]
[www.edwiseinternational.com/js/select2.js]
[www.edwiseinternational.com/js/formSubmission.js]
[www.edwiseinternational.com/index.html]
[www.edwiseinternational.com/index-2.html]
[www.edwiseinternational.com/img/logo.svg]
[cdnjs.cloudflare.com/ajax/libs/magnific-popup.js/1.1.0/magnific-popup4963.css]
[cdnjs.cloudflare.com/ajax/libs/Swiper/8.4.7/swiper-bundle.css]
[unpkg.com/aos@2.3.1/dist/aos.css]
[cdnjs.cloudflare.com/ajax/libs/font-awesome/4.7.0/css/font-awesome.min.css]
[www.edwiseinternational.com/img/hero-elem-2.png]
[www.edwiseinternational.com/img/inner-hero-bg.png]
[www.edwiseinternational.com/img/inner-hero-bg-2.png]
[www.edwiseinternational.com/img/ap-img-overlay.jpg]
[www.edwiseinternational.com/img/contact-form-bg.png]
[www.edwiseinternational.com/css/main.css]
[www.edwiseinternational.com/css/notification.css]
[cdnjs.cloudflare.com/ajax/libs/magnific-popup/js/1.1.0/magnific-popup4963.css]
[ajax.googleapis.com/ajax/libs/jquery/3.5.1/jquery.min.js]
[www.edwiseinternational.com/brochure/WEF-GUIDE.pdf]
[www.edwiseinternational.com/img/study-abroad-bnr-img.png]
[www.edwiseinternational.com/img/why-img-1.jpg]
[www.edwiseinternational.com/img/why-img-2.jpg]
[www.edwiseinternational.com/img/why-img-3.jpg]
[www.edwiseinternational.com/img/why-img-4.jpg]
[www.edwiseinternational.com/img/country-imgs/1.jpg]
[www.edwiseinternational.com/img/country-imgs/2.jpg]
[www.edwiseinternational.com/img/country-imgs/3.jpg]
[www.edwiseinternational.com/img/country-imgs/6.jpg]
[www.edwiseinternational.com/img/country-imgs/4.jpg]
[www.edwiseinternational.com/img/country-imgs/5.jpg]
[www.edwiseinternational.com/img/country-imgs/IRE.jpg]
[www.edwiseinternational.com/img/country-imgs/France.jpg]
[www.edwiseinternational.com/img/country-imgs/Germany.jpg]
[www.edwiseinternational.com/img/country-imgs/Swiss.jpg]
[www.edwiseinternational.com/img/country-imgs/8.jpg]
[www.edwiseinternational.com/img/country-imgs/Spain.jpg]
[www.edwiseinternational.com/img/country-imgs/Malaysia.jpg]
[www.edwiseinternational.com/img/country-imgs/Mauritius.jpg]
[www.edwiseinternational.com/img/country-imgs/Italy.jpg]
[www.edwiseinternational.com/img/country-imgs/Netherlands.jpg]
[www.edwiseinternational.com/img/country-imgs/India.jpg]
[www.edwiseinternational.com/img/student-img-1.jpg]
[www.edwiseinternational.com/img/student-img-2.jpg]
[www.edwiseinternational.com/img/student-img-3.jpg]
[www.edwiseinternational.com/img/team-reach-img.jpg]
[code.jquery.com/jquery-3.6.0.min.js]
[cdnjs.cloudflare.com/ajax/libs/magnific-popup/js/1.1.0/jquery.magnific-popup.min.b34963.delayed]
[www.edwiseinternational.com/study-abroad/study-abroad.html]
[www.edwiseinternational.com/img/univ-page-flow-bnr-img.png]
[www.edwiseinternational.com/img/uni-logo/UK/Abertay-University-logo.jpg]
[www.edwiseinternational.com/img/uni-logo/UK/Aberystwyth-University-logo.jpg]
[www.edwiseinternational.com/img/uni-logo/UK/Amity-University-London-logo.jpg]
[www.edwiseinternational.com/img/uni-logo/UK/Arts-University-Bournemouth-Logo.jpg]
[www.edwiseinternational.com/img/uni-logo/UK/Arden-University.jpg]
[www.edwiseinternational.com/img/uni-logo/UK/aston-logo.jpg]
[www.edwiseinternational.com/img/uni-logo/UK/Bangor-University-logo.jpg]
[www.edwiseinternational.com/img/uni-logo/UK/Bath-Spa-University-logo.jpg]
[www.edwiseinternational.com/img/uni-logo/UK/BIMM-Logo.jpg]
[www.edwiseinternational.com/img/uni-logo/UK/Bournemouth-University-logo.jpg]
[www.edwiseinternational.com/img/story-vdo-img5.jpg]
[www.edwiseinternational.com/img/prof-pic-5.png]
[www.edwiseinternational.com/img/story-vdo-img8.jpg]
[www.edwiseinternational.com/img/prof-pic-8 .png]
[www.edwiseinternational.com/img/prof-pic-14.png]
[www.edwiseinternational.com/img/story-vdo-img12.jpg]
[www.edwiseinternational.com/img/prof-pic-12.png]
[www.edwiseinternational.com/js/universities.js]
[www.edwiseinternational.com/partnered-universities.html]
[www.edwiseinternational.com/blogs/img/blog-dtl-bnr-img-3.jpg]
[www.edwiseinternational.com/blogs/img/blog-dtl-img-sml-13.jpg]
[www.edwiseinternational.com/blogs/img/blog-image-4.jpg]
[www.edwiseinternational.com/blogs/img/blog-img-18.jpg]
[www.edwiseinternational.com/blogs/img/blog-img-25.jpg]
[www.edwiseinternational.com/blogs/reasons-to-study-international-business-management-in-the-uk.html]
[www.edwiseinternational.com/blogs/img/blog-dtl-bnr-img-18.jpg]
[www.edwiseinternational.com/blogs/img/blog-dtl-img-sml-17.jpg]
[www.edwiseinternational.com/blogs/Study-engineering-abroad-in-UK-with-edwise.html]
[www.edwiseinternational.com/blogs/img/blog-dtl-bnr-img-8.jpg]
[www.edwiseinternational.com/blogs/img/blog-dtl-img-sml-12.jpg]
[www.edwiseinternational.com/blogs/reasons-to-study-cybersecurity-and-data-science-in-the-uk.html]
[www.edwiseinternational.com/blogs/img/blog-dtl-bnr-img-13.jpg]
[www.edwiseinternational.com/blogs/img/blog-dtl-img-sml-14.jpg]
[www.edwiseinternational.com/blogs/reasons-to-study-law-in-the-uk.html]
[www.edwiseinternational.com/blogs/img/blog-dtl-bnr-img-171.jpg]
[www.edwiseinternational.com/blogs/img/blog-dtl-img-sml-171.jpg]
[www.edwiseinternational.com/blogs/img/blog-img-4.jpg]
[www.edwiseinternational.com/blogs/img/blog-img-6.jpg]
[www.edwiseinternational.com/blogs/img/blog-img-7.jpg]
[www.edwiseinternational.com/blogs/All-About-Pursuing-MBA-in-Finance -in-the-UK.html]
[www.edwiseinternational.com/blogs/img/blog-dtl-bnr-img-16.jpg]
[www.edwiseinternational.com/blogs/img/blog-dtl-img-sml-19.jpg]
[www.edwiseinternational.com/blogs/study-the-world-of-architecture-in-the-uk.html]
[www.edwiseinternational.com/brochure/UK.pdf]
[www.edwiseinternational.com/img/study-abrd-uk.webp]
[www.edwiseinternational.com/img/uni-logo-uk/university-of-cambridge-uk.webp]
[www.edwiseinternational.com/img/uni-logo-uk/university-of-oxford-uk.webp]
[www.edwiseinternational.com/img/uni-logo-uk/imperial-college-london-uk.webp]
[www.edwiseinternational.com/img/uni-logo-uk/university-of-edinburgh-uk.webp]
[www.edwiseinternational.com/img/uni-logo-uk/university-of-manchester-uk.webp]
[www.edwiseinternational.com/img/uni-logo-uk/kings-college-london-uk.webp]
[www.edwiseinternational.com/img/uni-logo-uk/london-school-of-economics-uk.webp]
[www.edwiseinternational.com/img/uni-logo-uk/university-of-warwick-uk.webp]
[www.edwiseinternational.com/img/uni-logo-uk/university-of-glasgow-uk.webp]
[www.edwiseinternational.com/img/uni-logo-uk/university-of-birmingham-uk.webp]
[www.edwiseinternational.com/img/scholar-img.webp]
[www.edwiseinternational.com/img/univ-courses-imgs/bussiness1-img.webp]
[www.edwiseinternational.com/img/univ-courses-imgs/busin-anal-img.webp]
[www.edwiseinternational.com/img/univ-courses-imgs/hr-img.webp]
[www.edwiseinternational.com/img/testim/bournemouth-university-uk-student-review.webp]
[www.edwiseinternational.com/img/testim/miral-shah-uk.webp]
[www.edwiseinternational.com/img/testim/aston-university-uk-student-review.webp]
[www.edwiseinternational.com/img/testim/afreen-jamadar-uk.webp]
[www.edwiseinternational.com/img/testim/nottingham-trent-university-uk-student-review.webp]
[www.edwiseinternational.com/img/testim/priyanshu-kamble-uk.webp]
[www.edwiseinternational.com/js/studyabroad-pages.js]
[www.edwiseinternational.com/js/bookcountryconsultation.js]
[www.edwiseinternational.com/study-abroad/study-in-uk.html]
[www.edwiseinternational.com/blogs/img/blog-dtl-bnr-img-20.jpg]
[www.edwiseinternational.com/blogs/img/blog-dtl-img-sml-15.jpg]
[www.edwiseinternational.com/blogs/img/blog-image-1.jpg]
[www.edwiseinternational.com/blogs/img/blog-image-2.jpg]
[www.edwiseinternational.com/blogs/img/blog-image-9.jpg]
[www.edwiseinternational.com/blogs/study-computer-science-and-information-technology-in-the-usa.html]
[www.edwiseinternational.com/blogs/img/blog-dtl-bnr-img-7.jpg]
[www.edwiseinternational.com/blogs/img/blog-dtl-img-sml-3.jpg]
[www.edwiseinternational.com/blogs/know-all-about-engineering-in-the-usa.html]
[www.edwiseinternational.com/blogs/img/blog-dtl-bnr-img.jpg]
[www.edwiseinternational.com/blogs/img/blog-dtl-img-sml-11.jpg]
[www.edwiseinternational.com/blogs/pursuing-the-world-of-business-administration-mba-in-the-usa.html]
[www.edwiseinternational.com/blogs/img/blog-dtl-bnr-img-15.jpg]
[www.edwiseinternational.com/blogs/img/blog-dtl-img-sml-18.jpg]
[www.edwiseinternational.com/blogs/studying-finance-in-the-usa.html]
[www.edwiseinternational.com/blogs/img/blog-dtl-bnr-img-21.jpg]
[www.edwiseinternational.com/blogs/img/blog-dtl-img-sml-9.jpg]
[www.edwiseinternational.com/blogs/study-data-science-and-data-analytics-in-usa.html]
[www.edwiseinternational.com/blogs/img/blog-dtl-bnr-img-19.jpg]
[www.edwiseinternational.com/blogs/img/blog-dtl-img-sml-5.jpg]
[www.edwiseinternational.com/img/btm-bnr-img.png]
[www.edwiseinternational.com/blogs/know-all-about-studying-biotechnology-and-biomedical-sciences-in-the-usa.html]
[www.edwiseinternational.com/brochure/USA.pdf]
[www.edwiseinternational.com/img/study-abrd-usa.webp]
[www.edwiseinternational.com/img/uni-logo-usa/massachusetts-institute-of-technology-usa.webp]
[www.edwiseinternational.com/img/uni-logo-usa/harvard-university-usa.webp]
[www.edwiseinternational.com/img/uni-logo-usa/stanford-university-usa.webp]
[www.edwiseinternational.com/img/uni-logo-usa/cornell-university-usa.webp]
[www.edwiseinternational.com/img/uni-logo-usa/california-institute-of-technology-usa.webp]
[www.edwiseinternational.com/img/uni-logo-usa/yale-university-usa.webp]
[www.edwiseinternational.com/img/uni-logo-usa/princeton-university-usa.webp]
[www.edwiseinternational.com/img/uni-logo-usa/john-hopkins-university-usa.webp]
[www.edwiseinternational.com/img/uni-logo-usa/new-york-university-usa.webp]
[www.edwiseinternational.com/img/uni-logo-usa/carnegie-melon-university-usa.webp]
[www.edwiseinternational.com/img/uni-logo-usa/michigan-state-university-usa.webp]
[www.edwiseinternational.com/img/univ-courses-imgs/remote-work-img.webp]
[www.edwiseinternational.com/img/univ-courses-imgs/logis-img.webp]
[www.edwiseinternational.com/img/testim/new-york-film-academy-usa.webp]
[www.edwiseinternational.com/img/testim/abhinay-pandit-usa.webp]
[www.edwiseinternational.com/img/testim/bradley-university-usa-student-review.webp]
[www.edwiseinternational.com/img/testim/rukhmini-kariveda-usa.webp]
[www.edwiseinternational.com/img/testim/arizona-state-university-usa-student-review.webp]
[www.edwiseinternational.com/img/testim/mohammed-sohail-usa.webp]
[www.edwiseinternational.com/study-abroad/study-in-usa.html]
[www.edwiseinternational.com/blogs/img/blog-dtl-bnr-img-9.jpg]
[www.edwiseinternational.com/blogs/img/blog-dtl-img-sml-2.jpg]
[www.edwiseinternational.com/blogs/img/blog-img-41.jpg]
[www.edwiseinternational.com/blogs/img/blog-img-44.jpg]
[www.edwiseinternational.com/blogs/img/blog-img-11.jpg]
[www.edwiseinternational.com/blogs/know-all-about-business-management-in-canada.html]
[www.edwiseinternational.com/blogs/img/blog-dtl-bnr-img-23.jpg]
[www.edwiseinternational.com/blogs/img/blog-dtl-img-sml-4.jpg]
[www.edwiseinternational.com/blogs/study-the-world-of-engineering-in-canada.html]
[www.edwiseinternational.com/blogs/img/blog-dtl-bnr-img-22.jpg]
[www.edwiseinternational.com/blogs/img/blog-dtl-img-sml-24.jpg]
[www.edwiseinternational.com/blogs/explore-the-world-of-computer-science-in-canada.html]
[www.edwiseinternational.com/blogs/img/blog-dtl-bnr-img-6.jpg]
[www.edwiseinternational.com/blogs/img/blog-dtl-img-sml-10.jpg]
[www.edwiseinternational.com/blogs/explore-hotel-management-in-canada.html]
[www.edwiseinternational.com/blogs/img/blog-dtl-bnr-img-27.jpg]
[www.edwiseinternational.com/blogs/img/blog-dtl-img-sml-8.jpg]
[www.edwiseinternational.com/blogs/study-the-world-of-education-in-canada.html]
[www.edwiseinternational.com/blogs/img/blog-dtl-bnr-img-26.jpg]
[www.edwiseinternational.com/blogs/img/blog-dtl-img-sml-26.jpg]
[www.edwiseinternational.com/blogs/dive-into-the-world-of-environmental-science-in-canada.html]
[www.edwiseinternational.com/brochure/Canada.pdf]
[www.edwiseinternational.com/img/study-abrd-canada.webp]
[www.edwiseinternational.com/img/uni-logo-canada/university-of-toronto-canada.webp]
[www.edwiseinternational.com/img/uni-logo-canada/mcgill-university-canada.webp]
[www.edwiseinternational.com/img/uni-logo-canada/university-of-british-columbia-canada.webp]
[www.edwiseinternational.com/img/uni-logo-canada/university-of-alberta-canada.webp]
[www.edwiseinternational.com/img/uni-logo-canada/university-of-waterloo-canada.webp]
[www.edwiseinternational.com/img/uni-logo-canada/western-university-canada.webp]
[www.edwiseinternational.com/img/uni-logo-canada/university-of-calgary-canada.webp]
[www.edwiseinternational.com/img/uni-logo-canada/mcmaster-university-canada.webp]
[www.edwiseinternational.com/img/uni-logo-canada/university-of-ottawa-canada.webp]
[www.edwiseinternational.com/img/uni-logo-canada/dalhousie-university-canada.webp]
[www.edwiseinternational.com/img/uni-logo-canada/university-of-victoria-canada.webp]
[www.edwiseinternational.com/img/uni-logo-canada/university-of-saskatchewan-canada.webp]
[www.edwiseinternational.com/img/co-operative-work-term.webp]
[www.edwiseinternational.com/img/testim/sheridan-college-canada-student-review.webp]
[www.edwiseinternational.com/img/testim/archana-sidhwani-canada.webp]
[www.edwiseinternational.com/img/testim/cambrian-college-canada-student-review.webp]
[www.edwiseinternational.com/img/testim/gaurav-modi-canada.webp]
[www.edwiseinternational.com/study-abroad/study-in-canada.html]
[www.edwiseinternational.com/blogs/img/blog-dtl-bnr-img-2.jpg]
[www.edwiseinternational.com/blogs/img/blog-dtl-img-sml-16.jpg]
[www.edwiseinternational.com/blogs/img/blog-image-7.jpg]
[www.edwiseinternational.com/blogs/img/blog-image-8.jpg]
[www.edwiseinternational.com/blogs/img/blog-image-3.jpg]
[www.edwiseinternational.com/blogs/study-data-science-and-it-in-the-australia.html]
[www.edwiseinternational.com/blogs/img/blog-dtl-bnr-img-24.jpg]
[www.edwiseinternational.com/blogs/study-engineering-and-environmental-courses-in-australia.html]
[www.edwiseinternational.com/blogs/img/blog-dtl-bnr-img-11.jpg]
[www.edwiseinternational.com/blogs/img/blog-dtl-img-sml-40.jpg]
[www.edwiseinternational.com/blogs/biotechnology-and-agricultural-sciences-in-australia.html]
[www.edwiseinternational.com/blogs/img/blog-dtl-bnr-img-25.jpg]
[www.edwiseinternational.com/blogs/img/blog-dtl-img-sml-20.jpg]
[www.edwiseinternational.com/blogs/explore-nursing-and-physiotherapy-in-australia.html]
[www.edwiseinternational.com/blogs/img/blog-dtl-bnr-img-14.jpg]
[www.edwiseinternational.com/blogs/img/blog-dtl-img-sml-21.jpg]
[www.edwiseinternational.com/blogs/business-and-management-in-australia.html]
[www.edwiseinternational.com/blogs/img/blog-dtl-bnr-img-12.jpg]
[www.edwiseinternational.com/blogs/img/blog-dtl-img-sml-1.jpg]
[www.edwiseinternational.com/blogs/know-all-about-architecture-and-sustainable-design-in-australia.html]
[www.edwiseinternational.com/brochure/AUS.pdf]
[www.edwiseinternational.com/img/study-abrd-aus.webp]
[www.edwiseinternational.com/img/uni-logo-aus/the-university-of-melbourne-australia.webp]
[www.edwiseinternational.com/img/uni-logo-aus/the-university-of-sydney-australia.webp]
[www.edwiseinternational.com/img/uni-logo-aus/university-of-new-south-wales-australia.webp]
[www.edwiseinternational.com/img/uni-logo-aus/monash-university-australia.webp]
[www.edwiseinternational.com/img/uni-logo-aus/the-university-of-queensland-australia.webp]
[www.edwiseinternational.com/img/uni-logo-aus/the-university-of-western-australia-australia.webp]
[www.edwiseinternational.com/img/uni-logo-aus/the-university-of-adelaide-australia.webp]
[www.edwiseinternational.com/img/uni-logo-aus/the-university-of-technology-australia.webp]
[www.edwiseinternational.com/img/uni-logo-aus/rmit-university-australia.webp]
[www.edwiseinternational.com/img/uni-logo-aus/bond-university-australia.webp]
[www.edwiseinternational.com/img/univ-courses-imgs/mining-img.webp]
[www.edwiseinternational.com/img/testim/the-university-of-western-australia-student-review.webp]
[www.edwiseinternational.com/img/testim/disha-karmakar-australia.webp]
[www.edwiseinternational.com/img/testim/macquarie-university-australia-student-review.webp]
[www.edwiseinternational.com/img/testim/srikamalesh-rajendraboopathy-australia.webp]
[www.edwiseinternational.com/img/testim/bond-university-australia-student-review.webp]
[www.edwiseinternational.com/img/testim/sreehari-australia.webp]
[www.edwiseinternational.com/study-abroad/study-in-australia.html]
[www.edwiseinternational.com/blogs/img/blog-dtl-bnr-img-30.jpg]
[www.edwiseinternational.com/blogs/img/blog-dtl-img-sml-31.jpg]
[www.edwiseinternational.com/blogs/top-9-universities-in-the-us-without-gre.html]
[www.edwiseinternational.com/blogs/img/blog-dtl-bnr-img-28.jpg]
[www.edwiseinternational.com/blogs/img/blog-dtl-img-sml-38.jpg]
[www.edwiseinternational.com/blogs/interesting-fun-facts-about-usa.html]
[www.edwiseinternational.com/blogs/img/blog-dtl-bnr-img-29.jpg]
[www.edwiseinternational.com/blogs/img/blog-dtl-img-sml-29.jpg]
[www.edwiseinternational.com/blogs/Popular-Courses-to-Study-Abroad-Dec-2019.html]
[www.edwiseinternational.com/AIRC/American-International-Recruitment-Council.html]
[code.jquery.com/ui/1.12.1/themes/base/images/ui-icons_444444_256x240.png]
[code.jquery.com/ui/1.12.1/themes/base/images/ui-icons_555555_256x240.png]
[code.jquery.com/ui/1.12.1/themes/base/images/ui-icons_ffffff_256x240.png]
[code.jquery.com/ui/1.12.1/themes/base/images/ui-icons_777620_256x240.png]
[code.jquery.com/ui/1.12.1/themes/base/images/ui-icons_cc0000_256x240.png]
[code.jquery.com/ui/1.12.1/themes/base/images/ui-icons_777777_256x240.png]
[code.jquery.com/ui/1.12.1/themes/base/jquery-ui.css]
[www.edwiseinternational.com/css/select2.min.css]
[www.edwiseinternational.com/img/drop-down-arrow.html]
[www.edwiseinternational.com/img/hero-elem-1.svg]
[www.edwiseinternational.com/img/select-dropdown-icon.svg]
[www.edwiseinternational.com/img/popup-dd-icon.svg]
[www.edwiseinternational.com/img/mapnav-icon.svg]
[www.edwiseinternational.com/img/menu-drop.svg]
[www.edwiseinternational.com/study-abroad/favicon.html]
[cdnjs.cloudflare.com/ajax/libs/magnific-popup/js/1.1.0/magnific-popup4963.css]
[www.edwiseinternational.com/brochure/NZ.pdf]
[www.edwiseinternational.com/img/study-abrd-nz.webp]
[www.edwiseinternational.com/img/uni-logo-nz/university-of-auckland-new-zealand.webp]
[www.edwiseinternational.com/img/uni-logo-nz/university-of-otago-new-zealand.webp]
[www.edwiseinternational.com/img/uni-logo-nz/massey-university-new-zealand.webp]
[www.edwiseinternational.com/img/uni-logo-nz/victoria-university-of-wellington-new-zealand.webp]
[www.edwiseinternational.com/img/uni-logo-nz/university-of-waikato-new-zealand.webp]
[www.edwiseinternational.com/img/uni-logo-nz/university-of-canterbury-new-zealand.webp]
[www.edwiseinternational.com/img/uni-logo-nz/lincoin-university-new-zealand.webp]
[www.edwiseinternational.com/img/univ-courses-imgs/Business-img.webp]
[www.edwiseinternational.com/img/univ-courses-imgs/computer-img.webp]
[www.edwiseinternational.com/img/univ-courses-imgs/Healthcare-img-2.webp]
[www.edwiseinternational.com/img/univ-courses-imgs/Art-img.webp]
[www.edwiseinternational.com/img/univ-courses-imgs/tourism-img.webp]
[www.edwiseinternational.com/study-abroad/study-in-new-zealand.html]
[www.edwiseinternational.com/brochure/Singapore.pdf]
[www.edwiseinternational.com/img/study-abrd-singapore.webp]
[www.edwiseinternational.com/img/uni-logo-singapore/national-university-of-singapore-singapore.webp]
[www.edwiseinternational.com/img/uni-logo-singapore/nanyang-technological-institute-singapore.webp]
[www.edwiseinternational.com/img/uni-logo-singapore/curtin-singapore.webp]
[www.edwiseinternational.com/img/uni-logo-singapore/singapore-management-university.webp]
[www.edwiseinternational.com/img/univ-courses-imgs/logistics-img.webp]
[www.edwiseinternational.com/img/univ-courses-imgs/Arts-img.webp]
[www.edwiseinternational.com/img/univ-courses-imgs/hotel-img.webp]
[www.edwiseinternational.com/study-abroad/study-in-singapore.html]
[www.edwiseinternational.com/brochure/Ireland.pdf]
[www.edwiseinternational.com/img/study-abrd-ireland.webp]
[www.edwiseinternational.com/img/uni-logo-ireland/trinity-college-dublin-ireland.webp]
[www.edwiseinternational.com/img/uni-logo-ireland/university-college-dublin-ireland.webp]
[www.edwiseinternational.com/img/uni-logo-ireland/university-of-galway-ireland.webp]
[www.edwiseinternational.com/img/uni-logo-ireland/university-college-cork-ireland.webp]
[www.edwiseinternational.com/img/uni-logo-ireland/university-of-limerick-ireland.webp]
[www.edwiseinternational.com/img/uni-logo-ireland/dublin-city-university-ireland.webp]
[www.edwiseinternational.com/img/uni-logo-ireland/maynooth-university-ireland.webp]
[www.edwiseinternational.com/img/univ-courses-imgs/science-img.webp]
[www.edwiseinternational.com/img/univ-courses-imgs/social-sciences-img.webp]
[www.edwiseinternational.com/img/testim/dublin-business-ire-student-review.webp]
[www.edwiseinternational.com/img/testim/karamjeet-kaur-ire.webp]
[www.edwiseinternational.com/study-abroad/study-in-ireland.html]
[www.edwiseinternational.com/brochure/france.pdf]
[www.edwiseinternational.com/img/study-abrd-france.webp]
[www.edwiseinternational.com/img/uni-logo-france/institut-polytechnique-de-paris-france.webp]
[www.edwiseinternational.com/img/uni-logo-france/sorbonne-university-france.webp]
[www.edwiseinternational.com/img/uni-logo-france/ecole-des-ponts-paristech-france.webp]
[www.edwiseinternational.com/img/uni-logo-france/sciences-po-france.webp]
[www.edwiseinternational.com/img/univ-courses-imgs/fashion-img.webp]
[www.edwiseinternational.com/img/univ-courses-imgs/culinary-art-img.webp]
[www.edwiseinternational.com/img/univ-courses-imgs/consult-img.webp]
[www.edwiseinternational.com/img/univ-courses-imgs/art-img-2.webp]
[www.edwiseinternational.com/study-abroad/study-in-france.html]
[www.edwiseinternational.com/brochure/Germany.pdf]
[www.edwiseinternational.com/img/study-abrd-germany.png]
[www.edwiseinternational.com/img/uni-logo-germany/1.jpg]
[www.edwiseinternational.com/img/uni-logo-germany/2.jpg]
[www.edwiseinternational.com/img/uni-logo-germany/3.jpg]
[www.edwiseinternational.com/img/uni-logo-germany/4.jpg]
[www.edwiseinternational.com/img/uni-logo-germany/6.jpg]
[www.edwiseinternational.com/img/uni-logo-germany/5.jpg]
[www.edwiseinternational.com/img/uni-logo-germany/7.jpg]
[www.edwiseinternational.com/img/uni-logo-germany/8.jpg]
[www.edwiseinternational.com/img/uni-logo-germany/9.jpg]
[www.edwiseinternational.com/img/uni-logo-germany/10.jpg]
[www.edwiseinternational.com/img/story-vdo-img16.jpg]
[www.edwiseinternational.com/img/prof-pic-16.png]
[www.edwiseinternational.com/study-abroad/study-in-germany.html]
[www.edwiseinternational.com/img/study-abrd-swiss.png]
[www.edwiseinternational.com/img/uni-logo-swiss/1.jpg]
[www.edwiseinternational.com/img/uni-logo-swiss/2.jpg]
[www.edwiseinternational.com/img/uni-logo-swiss/3.jpg]
[www.edwiseinternational.com/img/uni-logo-swiss/4.jpg]
[www.edwiseinternational.com/study-abroad/study-in-switzerland.html]
[www.edwiseinternational.com/img/study-abrd-dubai.png]
[www.edwiseinternational.com/img/uni-logo-dubai/1.jpg]
[www.edwiseinternational.com/img/uni-logo-dubai/2.jpg]
[www.edwiseinternational.com/img/uni-logo-dubai/3.jpg]
[www.edwiseinternational.com/img/uni-logo-dubai/4.jpg]
[www.edwiseinternational.com/img/uni-logo-dubai/5.jpg]
[www.edwiseinternational.com/img/uni-logo-dubai/6.jpg]
[www.edwiseinternational.com/study-abroad/study-in-dubai.html]
[www.edwiseinternational.com/img/study-abrd-spain.png]
[www.edwiseinternational.com/img/uni-logo-spain/2.jpg]
[www.edwiseinternational.com/img/uni-logo-spain/5.jpg]
[www.edwiseinternational.com/img/uni-logo-spain/3.jpg]
[www.edwiseinternational.com/img/uni-logo-spain/1.jpg]
[www.edwiseinternational.com/img/uni-logo-spain/8.jpg]
[www.edwiseinternational.com/img/uni-logo-spain/9.jpg]
[www.edwiseinternational.com/img/uni-logo-spain/7.jpg]
[www.edwiseinternational.com/study-abroad/study-in-spain.html]
[www.edwiseinternational.com/img/study-abrd-malaysia.png]
[www.edwiseinternational.com/img/uni-logo-mlysa/10.jpg]
[www.edwiseinternational.com/img/uni-logo-mlysa/11.jpg]
[www.edwiseinternational.com/img/uni-logo-mlysa/9.jpg]
[www.edwiseinternational.com/img/uni-logo-mlysa/1.jpg]
[www.edwiseinternational.com/img/uni-logo-mlysa/6.jpg]
[www.edwiseinternational.com/img/uni-logo-mlysa/2.jpg]
[www.edwiseinternational.com/img/uni-logo-mlysa/12.jpg]
[www.edwiseinternational.com/img/uni-logo-mlysa/7.jpg]
[www.edwiseinternational.com/img/uni-logo-mlysa/4.jpg]
[www.edwiseinternational.com/img/uni-logo-mlysa/8.jpg]
[www.edwiseinternational.com/img/uni-logo-mlysa/5.jpg]
[www.edwiseinternational.com/study-abroad/study-in-malaysia.html]
[www.edwiseinternational.com/img/study-abrd-mauritius.png]
[www.edwiseinternational.com/img/uni-logo-mrtius/2.jpg]
[www.edwiseinternational.com/img/uni-logo-mrtius/3.jpg]
[www.edwiseinternational.com/study-abroad/study-in-mauritius.html]
[www.edwiseinternational.com/img/study-abrd-italy.png]
[www.edwiseinternational.com/img/uni-logo-italy/2.jpg]
[www.edwiseinternational.com/img/uni-logo-italy/3.jpg]
[www.edwiseinternational.com/img/uni-logo-italy/1.jpg]
[www.edwiseinternational.com/img/uni-logo-italy/4.jpg]
[www.edwiseinternational.com/img/uni-logo-italy/5.jpg]
[www.edwiseinternational.com/study-abroad/study-in-italy.html]
[www.edwiseinternational.com/img/study-abrd-natherland.png]
[www.edwiseinternational.com/img/uni-logo-nthlnd/delft.jpg]
[www.edwiseinternational.com/img/uni-logo-nthlnd/2.jpg]
[www.edwiseinternational.com/img/uni-logo-nthlnd/4.jpg]
[www.edwiseinternational.com/img/uni-logo-nthlnd/leiden.jpg]
[www.edwiseinternational.com/img/uni-logo-nthlnd/eindhoven.jpg]
[www.edwiseinternational.com/img/uni-logo-nthlnd/groningen.jpg]
[www.edwiseinternational.com/img/uni-logo-nthlnd/3.jpg]
[www.edwiseinternational.com/study-abroad/study-in-netherland.html]
[www.edwiseinternational.com/img/study-abrd-india.png]
[www.edwiseinternational.com/study-abroad/study-in-india.html]
[cdnjs.cloudflare.com/ajax/libs/magnific-popup/js/1.1.0/jquery.magnific-popup.min4963.js]
[www.edwiseinternational.com/css/paging.css]
[www.edwiseinternational.com/blogs/favicon.html]
[www.edwiseinternational.com/blogs/img/Know-It-All-About-Pursuing-Masters-of-Public-Health-in-the-UK-Thumbnail.jpg]
[www.edwiseinternational.com/blogs/img/Everything-You-Need-To-Know-About-Pursuing-a-Masters-in-Marketing-in-Canada-Thumbnail.jpg]
[www.edwiseinternational.com/blogs/img/Everything-You-Need-To-Know-About-Pursuing-a-Masters-in-Data-Analytics-in-the-USA-Thumbnail.jpg]
[www.edwiseinternational.com/blogs/img/blog-image-5.jpg]
[www.edwiseinternational.com/blogs/img/blog-image-6.jpg]
[www.edwiseinternational.com/blogs/blogs.html]
[www.edwiseinternational.com/img/linkedin.svg]
[www.edwiseinternational.com/img/facebook.svg]
[www.edwiseinternational.com/img/twt.svg]
[www.edwiseinternational.com/blogs/img/blog-dtl-bnr-img-35.jpg]
[www.edwiseinternational.com/blogs/img/blog-dtl-img-sml-33.jpg]
[www.edwiseinternational.com/blogs/pursuing-dual-degrees-in-uk.html]
[www.edwiseinternational.com/blogs/img/blog-dtl-bnr-img-46.jpg]
[www.edwiseinternational.com/blogs/img/blog-dtl-img-sml-48.jpg]
[www.edwiseinternational.com/blogs/Top-10-universities-in-UK-for-Hospitality-Jan-2020.html]
[www.edwiseinternational.com/blogs/img/blog-dtl-bnr-img-52.jpg]
[www.edwiseinternational.com/blogs/img/blog-dtl-img-sml-54.jpg]
[www.edwiseinternational.com/blogs/leading-universities-in-uk-for-finance.html]
[www.edwiseinternational.com/study-abroad/study-in-UK/UK.html]
[www.edwiseinternational.com/img/ranking-icon.svg]
[www.edwiseinternational.com/univ-page-flow.html]
[www.edwiseinternational.com/img/univ-courses-imgs/engrng-img.html]
[www.edwiseinternational.com/blogs/img/top-5-courses-to-study-in-usa.webp]
[www.edwiseinternational.com/blogs/img/blog-dtl-img-sml-30.jpg]
[www.edwiseinternational.com/blogs/Top-5-courses-to-study-in-USA-june-2019.html]
[www.edwiseinternational.com/img/map.jpg]
[www.edwiseinternational.com/js/contact.js]
[www.edwiseinternational.com/study-abroad-consultant/contact.html]
[www.edwiseinternational.com/img/scholar-img.html]
[www.edwiseinternational.com/blogs/img/blog-dtl-bnr-img-67.jpg]
[www.edwiseinternational.com/blogs/img/blog-dtl-img-sml-69.jpg]
[www.edwiseinternational.com/blogs/career-oriented-courses-in-canada.html]
[www.edwiseinternational.com/blogs/img/blog-dtl-bnr-img-71.jpg]
[www.edwiseinternational.com/blogs/img/blog-dtl-img-sml-73.jpg]
[www.edwiseinternational.com/blogs/Niagara-College-in-Canada-February-2015.html]
[www.edwiseinternational.com/blogs/img/blog-dtl-bnr-img-44.jpg]
[www.edwiseinternational.com/blogs/img/blog-dtl-img-sml-101.jpg]
[www.edwiseinternational.com/blogs/Top-10-universities-in-Canada-for-Hospitality-Jan-2020.html]
[www.edwiseinternational.com/blogs/img/blog-dtl-bnr-img-139.jpg]
[www.edwiseinternational.com/blogs/img/blog-dtl-img-sml-139.jpg]
[www.edwiseinternational.com/blogs/Top-Reasons-to-Pursue-Health-Science-Studies-in-Canada.html]
[www.edwiseinternational.com/blogs/img/blog-dtl-bnr-img-37.jpg]
[www.edwiseinternational.com/blogs/img/blog-dtl-img-sml-36.jpg]
[www.edwiseinternational.com/blogs/top-universities-and-colleges-in-australia-for-international-students-dec-2019.html]
[www.edwiseinternational.com/blogs/img/blog-dtl-bnr-img-34.jpg]
[www.edwiseinternational.com/blogs/img/blog-dtl-img-sml-37.jpg]
[www.edwiseinternational.com/blogs/architecture-colleges-in-australia.html]
[www.edwiseinternational.com/blogs/img/blog-dtl-bnr-img-31.jpg]
[www.edwiseinternational.com/blogs/img/blog-dtl-img-sml-32.jpg]
[www.edwiseinternational.com/blogs/top-5-affordable-australian-cities-for-international-students.html]
[www.edwiseinternational.com/blogs/img/blog-dtl-bnr-img-127.jpg]
[www.edwiseinternational.com/blogs/img/blog-dtl-img-sml-127.jpg]
[www.edwiseinternational.com/blogs/Know-It-All-About-Pursuing-Hospitality-Management-Courses-In-Australia.html]
[www.edwiseinternational.com/AIRC/favicon.html]
[www.edwiseinternational.com/img/Recognitions/AIRC-logo.html]
[www.edwiseinternational.com/AIRC/AIRC-FeedBack.html]
[www.edwiseinternational.com/blogs/img/blog-dtl-bnr-img-159.jpg]
[www.edwiseinternational.com/blogs/img/blog-dtl-img-sml-159.jpg]
[www.edwiseinternational.com/blogs/Fly-High-With-an-MBA-in-New-Zealand.html]
[www.edwiseinternational.com/blogs/img/blog-dtl-bnr-img-160.jpg]
[www.edwiseinternational.com/blogs/img/blog-dtl-img-sml-160.jpg]
[www.edwiseinternational.com/blogs/All-About-Agricultural-Studies-in-New-Zealand.html]
[www.edwiseinternational.com/blogs/img/blog-dtl-bnr-img-166.jpg]
[www.edwiseinternational.com/blogs/img/blog-dtl-img-sml-166.jpg]
[www.edwiseinternational.com/blogs/Pursuing-MS-in-Computer-Science-in-New-Zealand.html]
[www.edwiseinternational.com/blogs/img/blog-dtl-bnr-img-164.jpg]
[www.edwiseinternational.com/blogs/img/blog-dtl-img-sml-164.jpg]
[www.edwiseinternational.com/blogs/Study-the-World-of-Tourism-in-New-Zealand.html]
[www.edwiseinternational.com/blogs/img/blog-dtl-bnr-img-146.jpg]
[www.edwiseinternational.com/blogs/img/blog-dtl-img-sml-146.jpg]
[www.edwiseinternational.com/blogs/Top-Reasons-to-Study-Healthcare-in-New-Zealand.html]
[www.edwiseinternational.com/blogs/img/blog-dtl-bnr-img-165.jpg]
[www.edwiseinternational.com/blogs/img/blog-dtl-img-sml-165.jpg]
[www.edwiseinternational.com/blogs/Fly-High-With-a-Creative-Arts-and-Design-Degree-in-New-Zealand.html]
[www.edwiseinternational.com/blogs/img/blog-dtl-bnr-img-140.jpg]
[www.edwiseinternational.com/blogs/img/blog-dtl-img-sml-140.jpg]
[www.edwiseinternational.com/blogs/Study-the-World-of-Business-management-in-singapore.html]
[www.edwiseinternational.com/blogs/img/blog-dtl-bnr-img-109.jpg]
[www.edwiseinternational.com/blogs/img/blog-dtl-img-sml-109.jpg]
[www.edwiseinternational.com/blogs/All-You-Need-To-Know-About-Pursuing-Engineering-in-Singapore.html]
[www.edwiseinternational.com/blogs/img/blog-dtl-bnr-img-141.jpg]
[www.edwiseinternational.com/blogs/img/blog-dtl-img-sml-141.jpg]
[www.edwiseinternational.com/blogs/All-About-Pursuing-IT-and-Computer-Science-in-Singapore.html]
[www.edwiseinternational.com/blogs/img/blog-dtl-bnr-img-142.jpg]
[www.edwiseinternational.com/blogs/img/blog-dtl-img-sml-142.jpg]
[www.edwiseinternational.com/blogs/Know-It-All-About-Pursuing-Hospitality-and-Tourism-in-Singapore.html]
[www.edwiseinternational.com/blogs/img/blog-dtl-bnr-img-143.jpg]
[www.edwiseinternational.com/blogs/img/blog-dtl-img-sml-143.jpg]
[www.edwiseinternational.com/blogs/Advance-Your-Career-With-an-Architectural-Degree-from-Singapore.html]
[www.edwiseinternational.com/blogs/img/blog-dtl-bnr-img-144.jpg]
[www.edwiseinternational.com/blogs/img/blog-dtl-img-sml-144.jpg]
[www.edwiseinternational.com/blogs/Fly-High-With-an-Environmental-Science-Degree-from-Singapore.html]
[www.edwiseinternational.com/blogs/img/blog-dtl-bnr-img-124.jpg]
[www.edwiseinternational.com/blogs/img/blog-dtl-img-sml-124.jpg]
[www.edwiseinternational.com/blogs/Enhance-Your-Career-With-a-Business-and-Management-Degree-from-Ireland.html]
[www.edwiseinternational.com/study-abroad/Everything-You-Need-To-Know-About-Pursuing-a-Masters-in-Engineering-in-Ireland.html]
[www.edwiseinternational.com/blogs/img/blog-dtl-bnr-img-126.jpg]
[www.edwiseinternational.com/blogs/img/blog-dtl-img-sml-126.jpg]
[www.edwiseinternational.com/blogs/Know-It-All-About-Pursuing-a-Masters-in-Information-Technology-in-Ireland.html]
[www.edwiseinternational.com/blogs/Enhance-Your-Career-With-a-Masters-in-Public-Health-in-Ireland.html]
[www.edwiseinternational.com/blogs/img/blog-dtl-bnr-img-128.jpg]
[www.edwiseinternational.com/blogs/img/blog-dtl-img-sml-128.jpg]
[www.edwiseinternational.com/blogs/Everything-You-Need-To-Know-About-Pursuing-Science-in-Ireland.html]
[www.edwiseinternational.com/blogs/img/blog-dtl-bnr-img-129.jpg]
[www.edwiseinternational.com/blogs/img/blog-dtl-img-sml-129.jpg]
[www.edwiseinternational.com/blogs/All-About-Pursuing-Social-Sciences-in-Ireland.html]
[www.edwiseinternational.com/img/uni-logo-france/université-psl-france.html]
[www.edwiseinternational.com/img/uni-logo-france/université-paris-saclay-france.html]
[www.edwiseinternational.com/img/uni-logo-france/école-normale-supérieure-de-lyon-france.html]
[www.edwiseinternational.com/img/uni-logo-france/université-paris-cité-france.html]
[www.edwiseinternational.com/img/uni-logo-france/université-grenoble-alpes-france.html]
[www.edwiseinternational.com/img/uni-logo-france/université-paris-1-panthéon-sorbonne-france.html]
[www.edwiseinternational.com/blogs/img/blog-dtl-bnr-img-130.jpg]
[www.edwiseinternational.com/blogs/img/blog-dtl-img-sml-130.jpg]
[www.edwiseinternational.com/blogs/Your-Guide-to-Pursuing-an-MBA-in-France.html]
[www.edwiseinternational.com/blogs/img/blog-dtl-bnr-img-131.jpg]
[www.edwiseinternational.com/blogs/img/blog-dtl-img-sml-131.jpg]
[www.edwiseinternational.com/blogs/All-About-Pursuing-Engineering-in-France.html]
[www.edwiseinternational.com/blogs/img/blog-dtl-bnr-img-132.jpg]
[www.edwiseinternational.com/blogs/img/blog-dtl-img-sml-132.jpg]
[www.edwiseinternational.com/blogs/Everything-You-Need-To-Know-About-Pursuing-Information-Technology-in-France.html]
[www.edwiseinternational.com/blogs/img/blog-dtl-bnr-img-133.jpg]
[www.edwiseinternational.com/blogs/img/blog-dtl-img-sml-133.jpg]
[www.edwiseinternational.com/blogs/Discover-the-World-of-Hospitality-and-Tourism-Education-in-France.html]
[www.edwiseinternational.com/blogs/img/blog-dtl-bnr-img-134.jpg]
[www.edwiseinternational.com/blogs/img/blog-dtl-img-sml-134.jpg]
[www.edwiseinternational.com/blogs/Design-Your-Dream-Life-By-Studying-Fashion-in-France.html]
[www.edwiseinternational.com/blogs/img/blog-dtl-bnr-img-135.jpg]
[www.edwiseinternational.com/blogs/img/blog-dtl-img-sml-135.jpg]
[www.edwiseinternational.com/blogs/Studying-Culinary-Arts-in-France.html]
[www.edwiseinternational.com/blogs/img/blog-dtl-bnr-img-137.jpg]
[www.edwiseinternational.com/blogs/img/blog-dtl-img-sml-137.jpg]
[www.edwiseinternational.com/blogs/Fly-High-With-a-Masters-in-Engineering-in-Germany.html]
[www.edwiseinternational.com/blogs/img/blog-dtl-bnr-img-136.jpg]
[www.edwiseinternational.com/blogs/img/blog-dtl-img-sml-136.jpg]
[www.edwiseinternational.com/blogs/wondering-whether-to-pursue-mba-in-germany.html]
[www.edwiseinternational.com/img/univ-courses-imgs/mba-img.html]
[www.edwiseinternational.com/blogs/img/blog-dtl-bnr-img-138.jpg]
[www.edwiseinternational.com/blogs/img/blog-dtl-img-sml-138.jpg]
[www.edwiseinternational.com/blogs/Know-It-All-About-Pursuing-Renewable-Energy-in-Germany.html]
[www.edwiseinternational.com/img/univ-courses-imgs/envr-scie-img.html]
[www.edwiseinternational.com/blogs/img/blog-dtl-bnr-img-145.jpg]
[www.edwiseinternational.com/blogs/img/blog-dtl-img-sml-145.jpg]
[www.edwiseinternational.com/blogs/Gear-Up-to-Study-Automotive-Engineering-in-Germany.html]
[www.edwiseinternational.com/img/univ-courses-imgs/aviation-img.html]
[www.edwiseinternational.com/blogs/All-About-Pursuing-a-Data-Science-Degree-from-Germany.html]
[www.edwiseinternational.com/img/univ-courses-imgs/data-scie-img.html]
[www.edwiseinternational.com/blogs/img/blog-dtl-bnr-img-147.jpg]
[www.edwiseinternational.com/blogs/img/blog-dtl-img-sml-147.jpg]
[www.edwiseinternational.com/blogs/Advance-Your-Career-With-a-Masters-in-Computer-Science-in-Germany.html]
[www.edwiseinternational.com/img/univ-courses-imgs/comp-scie-img.html]
[www.edwiseinternational.com/study-abroad/www.daad.de/deutschland/index.html]
[www.edwiseinternational.com/study-abroad/www.campus-germany.de/index.html]
[www.edwiseinternational.com/img/univ-courses-imgs/mech-eng-img.html]
[www.edwiseinternational.com/img/univ-courses-imgs/automotive-img.html]
[www.edwiseinternational.com/blogs/img/blog-dtl-bnr-img-153.jpg]
[www.edwiseinternational.com/blogs/img/blog-dtl-img-sml-153.jpg]
[www.edwiseinternational.com/blogs/Everything-You-Need-To-Know-About-Pursuing-Business-Management-in-Switzerland.html]
[www.edwiseinternational.com/blogs/img/blog-dtl-bnr-img-154.jpg]
[www.edwiseinternational.com/blogs/img/blog-dtl-img-sml-154.jpg]
[www.edwiseinternational.com/blogs/Everything-You-Need-To-Know-About-Hospitality-Management-in-Switzerland.html]
[www.edwiseinternational.com/img/univ-courses-imgs/hospitality-img.html]
[www.edwiseinternational.com/blogs/img/blog-dtl-bnr-img-155.jpg]
[www.edwiseinternational.com/blogs/All-About-Pursuing-Artificial-Intelligence-in-Switzerland.html]
[www.edwiseinternational.com/img/univ-courses-imgs/ai-img.html]
[www.edwiseinternational.com/blogs/img/blog-dtl-bnr-img-156.jpg]
[www.edwiseinternational.com/blogs/img/blog-dtl-img-sml-156.jpg]
[www.edwiseinternational.com/blogs/Know-It All-About-Pursuing-Banking-and-Finance-in-Switzerland.html]
[www.edwiseinternational.com/img/univ-courses-imgs/acc-financ-img.html]
[www.edwiseinternational.com/blogs/img/blog-dtl-bnr-img-157.jpg]
[www.edwiseinternational.com/blogs/img/blog-dtl-img-sml-157.jpg]
[www.edwiseinternational.com/blogs/All-About-Pursuing-a-Course-in-Education-at-Switzerland.html]
[www.edwiseinternational.com/img/univ-courses-imgs/educ-img.html]
[www.edwiseinternational.com/blogs/img/blog-dtl-bnr-img-158.jpg]
[www.edwiseinternational.com/blogs/img/blog-dtl-img-sml-158.jpg]
[www.edwiseinternational.com/blogs/Your-Guide-to-Studying-International-Law-in-Switzerland.html]
[www.edwiseinternational.com/img/univ-courses-imgs/law-img.html]
[www.edwiseinternational.com/img/univ-courses-imgs/pharma-img.html]
[www.edwiseinternational.com/img/univ-courses-imgs/it-img.html]
[www.edwiseinternational.com/img/univ-courses-imgs/architecture-img.html]
[www.edwiseinternational.com/blogs/img/blog-lg-degree.jpg]
[www.edwiseinternational.com/blogs/img/blog-sm-dubai-0.jpg]
[www.edwiseinternational.com/blogs/img/dub-img-0.jpg]
[www.edwiseinternational.com/blogs/img/dub-img-1.jpg]
[www.edwiseinternational.com/blogs/img/dub-img-2.jpg]
[www.edwiseinternational.com/blogs/advance-your-career-with-an-mba-in-dubai.html]
[www.edwiseinternational.com/blogs/img/blog-lg-engineer.jpg]
[www.edwiseinternational.com/blogs/img/blog-sm-dubai-2.jpg]
[www.edwiseinternational.com/blogs/enhance-your-career-with-an-engineering-degree-in-dubai.html]
[www.edwiseinternational.com/blogs/img/blog-lg-finance.jpg]
[www.edwiseinternational.com/blogs/img/blog-sm-dubai-4.jpg]
[www.edwiseinternational.com/blogs/fly-high-with-an-accounts-and-finance-degree-from-dubai.html]
[www.edwiseinternational.com/blogs/img/blog-lg-tourism.jpg]
[www.edwiseinternational.com/blogs/img/blog-sm-dubai-3.jpg]
[www.edwiseinternational.com/blogs/know-it-all-about-pursuing-tourism-and-hospitality-in-dubai.html]
[www.edwiseinternational.com/img/univ-courses-imgs/tourism-img.html]
[www.edwiseinternational.com/blogs/img/blog-lg-architec-0.jpg]
[www.edwiseinternational.com/blogs/img/blog-sm-dubai-1.jpg]
[www.edwiseinternational.com/blogs/all-about-pursuing-architecture-in-dubai.html]
[www.edwiseinternational.com/blogs/img/blog-lg-aviation.jpg]
[www.edwiseinternational.com/blogs/fly-towards-your-dreams-by-studying-aviation-in-dubai.html]
[www.edwiseinternational.com/img/univ-courses-imgs/media-comm.html]
[www.edwiseinternational.com/img/univ-courses-imgs/healthcare-img.html]
[www.edwiseinternational.com/Admin/Country/spain-650x350.html]
[www.edwiseinternational.com/blogs/img/blog-lg-degree-0.jpg]
[www.edwiseinternational.com/blogs/img/blog-sm-spain-0.jpg]
[www.edwiseinternational.com/blogs/img/spn-img-0.jpg]
[www.edwiseinternational.com/blogs/img/spn-img-1.jpg]
[www.edwiseinternational.com/blogs/img/spn-img-2.jpg]
[www.edwiseinternational.com/blogs/pursue-your-dreams-by-studying-an-mba-in-spain.html]
[www.edwiseinternational.com/blogs/img/blog-lg-architect.jpg]
[www.edwiseinternational.com/blogs/img/blog-sm-spain-3.jpg]
[www.edwiseinternational.com/blogs/build-your-dream-life-by-studying-architecture-in-spain.html]
[www.edwiseinternational.com/blogs/img/blog-lg-sports-0.jpg]
[www.edwiseinternational.com/blogs/img/blog-sm-spain-4.jpg]
[www.edwiseinternational.com/blogs/discover-the-benefits-of-studying-sports-in-spain.html]
[www.edwiseinternational.com/img/univ-courses-imgs/Sports1-img.html]
[www.edwiseinternational.com/blogs/img/blog-lg-art.jpg]
[www.edwiseinternational.com/blogs/img/blog-sm-spain-1.jpg]
[www.edwiseinternational.com/blogs/all-about-studying-arts-and-business-in-spain.html]
[www.edwiseinternational.com/img/univ-courses-imgs/art-img.html]
[www.edwiseinternational.com/blogs/img/blog-lg-business.jpg]
[www.edwiseinternational.com/blogs/all-about-pursuing-business-in-spain.html]
[www.edwiseinternational.com/img/univ-courses-imgs/mba-img-1.html]
[www.edwiseinternational.com/blogs/img/blog-lg-hospitality-0.jpg]
[www.edwiseinternational.com/blogs/img/blog-sm-spain-2.jpg]
[www.edwiseinternational.com/blogs/craft-your-dream-future-by-studying-hospitality-management-in-spain.html]
[www.edwiseinternational.com/img/univ-courses-imgs/Architecture1-img.html]
[www.edwiseinternational.com/img/univ-courses-imgs/Hospitality-img-2.html]
[www.edwiseinternational.com/img/univ-courses-imgs/Sports-img.html]
[www.edwiseinternational.com/blogs/img/blog-lg-MBA2.jpg]
[www.edwiseinternational.com/blogs/img/t-mly.jpg]
[www.edwiseinternational.com/blogs/img/t-mly-0.jpg]
[www.edwiseinternational.com/blogs/img/t-mly-1.jpg]
[www.edwiseinternational.com/blogs/All_About_Pursuing_Business_Management_in_Malaysia.html]
[www.edwiseinternational.com/blogs/Build_Your_Future_By_Studying_Engineering_in_Malaysia.html]
[www.edwiseinternational.com/blogs/img/blog-lg-IT.jpg]
[www.edwiseinternational.com/blogs/Step_Into_the_World_of_Technology_by_Studying_Information_Technology(IT)_and_Computer_Scienc_(CS)_in_Malaysia.html]
[www.edwiseinternational.com/blogs/img/blog-lg-hospitality.jpg]
[www.edwiseinternational.com/blogs/img/blog-sm-malaysia-4.jpg]
[www.edwiseinternational.com/blogs/Discover_the_World_of_Hospitality_and_Tourism_by_Studying_in_Malaysia.html]
[www.edwiseinternational.com/blogs/img/blog-lg-medical.jpg]
[www.edwiseinternational.com/blogs/img/blog-sm-malaysia-1.jpg]
[www.edwiseinternational.com/blogs/Get_a_World_-_Class_Medical_Education_by_Studying_in_Malaysia.html]
[www.edwiseinternational.com/blogs/img/blog-lg-account-0.jpg]
[www.edwiseinternational.com/blogs/img/blog-sm-malaysia-2.jpg]
[www.edwiseinternational.com/blogs/Broaden-Your-Horizons-By-Studying-Accounting-in-Malaysia.html]
[www.edwiseinternational.com/img/univ-courses-imgs/oil-img.html]
[www.edwiseinternational.com/blogs/img/blog-sm-Mauritius-1.jpg]
[www.edwiseinternational.com/blogs/img/blog-image-10.jpg]
[www.edwiseinternational.com/blogs/img/blog-image-12.jpg]
[www.edwiseinternational.com/blogs/img/blog-image-11.jpg]
[www.edwiseinternational.com/blogs/Everything-You-Need-to-Know-about-Studying-Tourism-Administration-in-Mauritius.html]
[www.edwiseinternational.com/blogs/img/blog-lg-Psychology.jpg]
[www.edwiseinternational.com/blogs/img/blog-sm-Mauritius-2.jpg]
[www.edwiseinternational.com/blogs/Open-Your-Mind-to-a-World-of-Possibilities-by-Studying-Psychology-in-Mauritius.html]
[www.edwiseinternational.com/img/univ-courses-imgs/psychology-img.html]
[www.edwiseinternational.com/blogs/img/blog-lg-IT-1.jpg]
[www.edwiseinternational.com/blogs/img/blog-sm-Mauritius-3.jpg]
[www.edwiseinternational.com/blogs/Advance-Your-Career-With-an-Information-Technology-Degree-from-Mauritius.html]
[www.edwiseinternational.com/blogs/img/blog-sm-Mauritius-4.jpg]
[www.edwiseinternational.com/blogs/Know-It-All-About-Pursuing-an-MBA-in-Mauritius.html]
[www.edwiseinternational.com/blogs/img/blog-lg-marketing.jpg]
[www.edwiseinternational.com/blogs/img/blog-sm-Mauritius-5.jpg]
[www.edwiseinternational.com/blogs/Fly-High-With-a-Marketing-Degree-from-Mauritius.html]
[www.edwiseinternational.com/img/univ-courses-imgs/marketing-sales-img.html]
[www.edwiseinternational.com/blogs/img/blog-sm-Mauritius-6.jpg]
[www.edwiseinternational.com/blogs/Know-All-about-Studying-Finance-in-Mauritius.html]
[www.edwiseinternational.com/img/univ-courses-imgs/mnftrng-img.html]
[www.edwiseinternational.com/img/univ-courses-imgs/prof-serv-img.html]
[www.edwiseinternational.com/blogs/img/blog-sm-italy-3.jpg]
[www.edwiseinternational.com/blogs/img/t-itly-blog.jpg]
[www.edwiseinternational.com/blogs/img/t-itly-blog-0.jpg]
[www.edwiseinternational.com/blogs/img/t-itly-blog-1.jpg]
[www.edwiseinternational.com/blogs/a-comprehensive-guide-to-pursuing-business-management-in-italy.html]
[www.edwiseinternational.com/blogs/img/blog-sm-italy-2.jpg]
[www.edwiseinternational.com/blogs/explore-the-hospitality-and-tourism-education-landscape-in-italy.html]
[www.edwiseinternational.com/blogs/img/blog-lg-humanities.jpg]
[www.edwiseinternational.com/blogs/explore-the-essence-of-humanity-by-studying-humanities-in-italy.html]
[www.edwiseinternational.com/img/univ-courses-imgs/social-sciences-img.html]
[www.edwiseinternational.com/blogs/img/blog-lg-fashion.jpg]
[www.edwiseinternational.com/blogs/img/blog-sm-italy-1.jpg]
[www.edwiseinternational.com/blogs/enhance-your-career-with-a-fashion-and-design-degree-from-italy.html]
[www.edwiseinternational.com/blogs/img/blog-sm-italy.jpg]
[www.edwiseinternational.com/blogs/advance-your-career-with-an-engineering-degree-in-italy.html]
[www.edwiseinternational.com/blogs/img/blog-lg-culinary.jpg]
[www.edwiseinternational.com/blogs/img/blog-sm-italy-0.jpg]
[www.edwiseinternational.com/blogs/master-the-art-of-cuisine-by-studying-culinary-arts-in-italy.html]
[www.edwiseinternational.com/img/univ-courses-imgs/culinary-art-img.html]
[www.edwiseinternational.com/img/univ-courses-imgs/fashion-img.html]
[www.edwiseinternational.com/img/univ-courses-imgs/food-img.html]
[www.edwiseinternational.com/blogs/img/blog-sm-neatherlands.jpg]
[www.edwiseinternational.com/blogs/img/t-neather-blog.jpg]
[www.edwiseinternational.com/blogs/img/t-neather-blog-0.jpg]
[www.edwiseinternational.com/blogs/img/t-neather-blog-1.jpg]
[www.edwiseinternational.com/blogs/everything-you-need-to-know-about-pursuing-engineering-in-the-netherlands.html]
[www.edwiseinternational.com/blogs/img/blog-sm-neatherlands-3.jpg]
[www.edwiseinternational.com/blogs/construct-your-ideal-future-with-a-business-administration-degree-from-the-netherlands.html]
[www.edwiseinternational.com/blogs/img/blog-sm-neatherlands-1.jpg]
[www.edwiseinternational.com/blogs/broaden-your-horizons-with-a-computer-science-and-information-technology-(it)-degree-from-netherlands.html]
[www.edwiseinternational.com/blogs/img/blog-lg-politics.jpg]
[www.edwiseinternational.com/blogs/enter-the-global-political-landscape-by-studying-international-relations-in-the-netherlands.html]
[www.edwiseinternational.com/img/univ-courses-imgs/intln-rel-img.html]
[www.edwiseinternational.com/blogs/img/blog-lg-environment.jpg]
[www.edwiseinternational.com/blogs/contribute-to-a-greener-future-by-studying-environmental-science-in-the-netherlands.html]
[www.edwiseinternational.com/blogs/img/blog-sm-neatherlands-2.jpg]
[www.edwiseinternational.com/blogs/an-overview-of-studying-finance-and-economics-in-the-netherlands.html]
[www.edwiseinternational.com/img/univ-courses-imgs/finan-eco-img.html]
[www.edwiseinternational.com/img/univ-courses-imgs/logis-img.html]
[www.edwiseinternational.com/img/univ-courses-imgs/hotel-img.html]
[www.edwiseinternational.com/img/univ-courses-imgs/journalism-img.html]
[www.edwiseinternational.com/img/univ-courses-imgs/envr-scie-1-img.html]
[www.edwiseinternational.com/img/univ-courses-imgs/medi-hlth-img.html]
[www.edwiseinternational.com/img/univ-courses-imgs/nurse-img.html]
[www.edwiseinternational.com/blogs/img/Know-It-All-About-Pursuing-Masters-of-Public-Health-in-the-UK-1.jpg]
[www.edwiseinternational.com/blogs/img/Know-It-All-About-Pursuing-Masters-of-Public-Health-in-the-UK-2.jpg]
[www.edwiseinternational.com/blogs/masters-of-public-health-in-the-uk.html]
[www.edwiseinternational.com/blogs/img/Everything-You-Need-To-Know-About-Pursuing-a-Masters-in-Marketing-in-Canada-1.jpg]
[www.edwiseinternational.com/blogs/img/Everything-You-Need-To-Know-About-Pursuing-a-Masters-in-Marketing-in-Canada-2.jpg]
[www.edwiseinternational.com/blogs/masters-in-marketing-in-canada.html]
[www.edwiseinternational.com/blogs/img/Everything-You-Need-To-Know-About-Pursuing-a-Masters-in-Data-Analytics-in-the-USA-1.jpg]
[www.edwiseinternational.com/blogs/img/Everything-You-Need-To-Know-About-Pursuing-a-Masters-in-Data-Analytics-in-the-USA-2.jpg]
[www.edwiseinternational.com/blogs/masters-in-data-analytics-in-the-usa.html]
[www.edwiseinternational.com/blogs/img/blog-dtl-bnr-img-33.jpg]
[www.edwiseinternational.com/blogs/img/blog-dtl-img-sml-34.jpg]
[www.edwiseinternational.com/blogs/5-countries-where-it-is-easy-to-get-a-student-visa.html]
[www.edwiseinternational.com/blogs/img/blog-dtl-bnr-img-36.jpg]
[www.edwiseinternational.com/blogs/img/blog-dtl-img-sml-35.jpg]
[www.edwiseinternational.com/blogs/3-Reasons-Why-Indian-Students-Choose-to-Study-Abroad-nov-2019.html]
[www.edwiseinternational.com/img/visa-asst-bnr-img.png]
[www.edwiseinternational.com/img/adm-proc-img-1.jpg]
[www.edwiseinternational.com/img/section-join-lines-img.png]
[www.edwiseinternational.com/img/visa-asst-img-2.jpg]
[www.edwiseinternational.com/img/visa-asst-img-3.jpg]
[www.edwiseinternational.com/img/last-section-join-lines-img.png]
[www.edwiseinternational.com/img/visa-asst-img-4.jpg]
[www.edwiseinternational.com/visa-assistance.html]
[www.edwiseinternational.com/img/test-bnr-cont-img.jpg]
[www.edwiseinternational.com/img/prof-pic-TOEFL.jpg]
[www.edwiseinternational.com/img/prof-pic-IELTS.jpg]
[www.edwiseinternational.com/img/prof-pic-PTE.jpg]
[www.edwiseinternational.com/img/prof-pic-IELTS1.jpg]
[www.edwiseinternational.com/img/prof-pic-GRE.jpg]
[www.edwiseinternational.com/img/prof-pic-GMAT.jpg]
[www.edwiseinternational.com/img/prof-pic-Daryn.jpg]
[www.edwiseinternational.com/img/prof-pic-Abijith.jpg]
[www.edwiseinternational.com/img/prof-pic-Thayaananthan.jpg]
[www.edwiseinternational.com/img/prof-pic-Madhumiithaa.jpg]
[www.edwiseinternational.com/img/prof-pic-Deepshikha.jpg]
[www.edwiseinternational.com/img/prof-pic-Apurbo.jpg]
[www.edwiseinternational.com/img/prof-pic-Advaitha.jpg]
[www.edwiseinternational.com/img/prof-pic-Dipika.jpg]
[www.edwiseinternational.com/js/scoll-script.js]
[www.edwiseinternational.com/test-preparation/toefl.html]
[www.edwiseinternational.com/test-preparation/ielts.html]
[www.edwiseinternational.com/test-preparation/sat.html]
[www.edwiseinternational.com/test-preparation/act.html]
[www.edwiseinternational.com/study-abroad-consultant/favicon.html]
[www.edwiseinternational.com/study-abroad-consultant/mumbai.html]
[www.edwiseinternational.com/study-abroad-consultant/marine-lines.html]
[www.edwiseinternational.com/study-abroad-consultant/santacruz.html]
[www.edwiseinternational.com/study-abroad-consultant/malad.html]
[www.edwiseinternational.com/study-abroad-consultant/thane.html]
[www.edwiseinternational.com/study-abroad-consultant/vashi.html]
[www.edwiseinternational.com/study-abroad-consultant/ahmedabad.html]
[www.edwiseinternational.com/study-abroad-consultant/bangalore.html]
[www.edwiseinternational.com/study-abroad-consultant/chandigarh.html]
[www.edwiseinternational.com/study-abroad-consultant/chennai.html]
[www.edwiseinternational.com/study-abroad-consultant/cochin.html]
[www.edwiseinternational.com/study-abroad-consultant/coimbatore.html]
[www.edwiseinternational.com/study-abroad-consultant/delhi.html]
[www.edwiseinternational.com/study-abroad-consultant/hyderabad.html]
[www.edwiseinternational.com/study-abroad-consultant/indore.html]
[www.edwiseinternational.com/study-abroad-consultant/jaipur.html]
[www.edwiseinternational.com/study-abroad-consultant/kolkata.html]
[www.edwiseinternational.com/study-abroad-consultant/nashik.html]
[www.edwiseinternational.com/study-abroad-consultant/pune.html]
[www.edwiseinternational.com/study-abroad-consultant/pune-fc-road.html]
[www.edwiseinternational.com/study-abroad-consultant/surat.html]
[www.edwiseinternational.com/study-abroad-consultant/trivandrum.html]
[www.edwiseinternational.com/study-abroad-consultant/vadodara.html]
[www.edwiseinternational.com/study-abroad-consultant/vizag.html]
[www.edwiseinternational.com/study-abroad/study-in-USA/USA.html]
[www.edwiseinternational.com/study-abroad/study-in-Canada/Canada.html]
[www.edwiseinternational.com/study-abroad/study-in-Australia/Australia.html]
[www.edwiseinternational.com/study-abroad/study-in-New-Zealand/New-Zealand.html]
[www.edwiseinternational.com/study-abroad/study-in-Singapore/Singapore.html]
[www.edwiseinternational.com/blogs/img/blog-dtl-bnr-img-54.jpg]
[www.edwiseinternational.com/blogs/img/blog-dtl-img-sml-56.jpg]
[www.edwiseinternational.com/blogs/fly-to-germany-post-12th-to-pursue-your-education.html]
[www.edwiseinternational.com/img/scholarship-hero-img-0.png]
[www.edwiseinternational.com/img/scholar-steps-img.png]
[www.edwiseinternational.com/scholarship.html]
[www.edwiseinternational.com/img/finan-asst-bnr-img.png]
[www.edwiseinternational.com/financial-assistance.html]
[www.edwiseinternational.com/test-preparation/gmat.html]
[www.edwiseinternational.com/test-preparation/gre.html]
[www.edwiseinternational.com/img/test-prep-bnr-img.png]
[www.edwiseinternational.com/img/benefit-img.png]
[www.edwiseinternational.com/img/courses/p1.jpg]
[www.edwiseinternational.com/img/courses/p2.jpg]
[www.edwiseinternational.com/img/courses/p3.jpg]
[www.edwiseinternational.com/img/courses/p5.jpg]
[www.edwiseinternational.com/img/courses/p4.jpg]
[www.edwiseinternational.com/img/courses/p6.jpg]
[www.edwiseinternational.com/img/courses/p7.jpg]
[www.edwiseinternational.com/img/courses/ACT.jpg]
[www.edwiseinternational.com/img/courses/p9.jpg]
[www.edwiseinternational.com/img/courses/p10.jpg]
[www.edwiseinternational.com/test-preparation/test-preparations.html]
[www.edwiseinternational.com/test-preparation/favicon.html]
[www.edwiseinternational.com/test-preparation/pte.html]
[www.edwiseinternational.com/test-preparation/duolingo.html]
[www.edwiseinternational.com/test-preparation/cael.html]
[www.edwiseinternational.com/test-preparation/celpip.html]
